[02-Mar-2020 14:44:29 UTC] PHP Fatal error:  Uncaught Error: Class 'FakerPress\Module\WP_Error' not found in C:\Program Files (x86)\EasyPHP-Devserver-17\eds-www\TP2\wordpress\wp-content\plugins\fakerpress\modules\attachment.php:69
Stack trace:
#0 C:\Program Files (x86)\EasyPHP-Devserver-17\eds-www\TP2\wordpress\wp-content\plugins\fakerpress\modules\attachment.php(116): FakerPress\Module\Attachment->handle_download('https://picsum....')
#1 C:\Program Files (x86)\EasyPHP-Devserver-17\eds-www\TP2\wordpress\wp-includes\class-wp-hook.php(288): FakerPress\Module\Attachment->do_save(false, Array, Object(FakerPress\Module\Attachment))
#2 C:\Program Files (x86)\EasyPHP-Devserver-17\eds-www\TP2\wordpress\wp-includes\plugin.php(206): WP_Hook->apply_filters(false, Array)
#3 C:\Program Files (x86)\EasyPHP-Devserver-17\eds-www\TP2\wordpress\wp-content\plugins\fakerpress\modules\base.php(169): apply_filters('fakerpress.modu...', false, Array, Object(FakerPress\Module\Attachment))
#4 C:\Program Files (x86)\EasyPHP-Devserver-17\eds-www\TP2\wordpress\wp-content\plugins\f in C:\Program Files (x86)\EasyPHP-Devserver-17\eds-www\TP2\wordpress\wp-content\plugins\fakerpress\modules\attachment.php on line 69
[02-Mar-2020 14:45:38 UTC] PHP Fatal error:  Uncaught Error: Class 'FakerPress\Module\WP_Error' not found in C:\Program Files (x86)\EasyPHP-Devserver-17\eds-www\TP2\wordpress\wp-content\plugins\fakerpress\modules\attachment.php:69
Stack trace:
#0 C:\Program Files (x86)\EasyPHP-Devserver-17\eds-www\TP2\wordpress\wp-content\plugins\fakerpress\modules\attachment.php(116): FakerPress\Module\Attachment->handle_download('https://picsum....')
#1 C:\Program Files (x86)\EasyPHP-Devserver-17\eds-www\TP2\wordpress\wp-includes\class-wp-hook.php(288): FakerPress\Module\Attachment->do_save(false, Array, Object(FakerPress\Module\Attachment))
#2 C:\Program Files (x86)\EasyPHP-Devserver-17\eds-www\TP2\wordpress\wp-includes\plugin.php(206): WP_Hook->apply_filters(false, Array)
#3 C:\Program Files (x86)\EasyPHP-Devserver-17\eds-www\TP2\wordpress\wp-content\plugins\fakerpress\modules\base.php(169): apply_filters('fakerpress.modu...', false, Array, Object(FakerPress\Module\Attachment))
#4 C:\Program Files (x86)\EasyPHP-Devserver-17\eds-www\TP2\wordpress\wp-content\plugins\f in C:\Program Files (x86)\EasyPHP-Devserver-17\eds-www\TP2\wordpress\wp-content\plugins\fakerpress\modules\attachment.php on line 69
[02-Mar-2020 14:49:11 UTC] PHP Fatal error:  Uncaught Error: Class 'FakerPress\Module\WP_Error' not found in C:\Program Files (x86)\EasyPHP-Devserver-17\eds-www\TP2\wordpress\wp-content\plugins\fakerpress\modules\attachment.php:69
Stack trace:
#0 C:\Program Files (x86)\EasyPHP-Devserver-17\eds-www\TP2\wordpress\wp-content\plugins\fakerpress\modules\attachment.php(116): FakerPress\Module\Attachment->handle_download('https://picsum....')
#1 C:\Program Files (x86)\EasyPHP-Devserver-17\eds-www\TP2\wordpress\wp-includes\class-wp-hook.php(288): FakerPress\Module\Attachment->do_save(false, Array, Object(FakerPress\Module\Attachment))
#2 C:\Program Files (x86)\EasyPHP-Devserver-17\eds-www\TP2\wordpress\wp-includes\plugin.php(206): WP_Hook->apply_filters(false, Array)
#3 C:\Program Files (x86)\EasyPHP-Devserver-17\eds-www\TP2\wordpress\wp-content\plugins\fakerpress\modules\base.php(169): apply_filters('fakerpress.modu...', false, Array, Object(FakerPress\Module\Attachment))
#4 C:\Program Files (x86)\EasyPHP-Devserver-17\eds-www\TP2\wordpress\wp-content\plugins\f in C:\Program Files (x86)\EasyPHP-Devserver-17\eds-www\TP2\wordpress\wp-content\plugins\fakerpress\modules\attachment.php on line 69
[02-Mar-2020 14:49:37 UTC] PHP Fatal error:  Uncaught Error: Class 'FakerPress\Module\WP_Error' not found in C:\Program Files (x86)\EasyPHP-Devserver-17\eds-www\TP2\wordpress\wp-content\plugins\fakerpress\modules\attachment.php:69
Stack trace:
#0 C:\Program Files (x86)\EasyPHP-Devserver-17\eds-www\TP2\wordpress\wp-content\plugins\fakerpress\modules\attachment.php(116): FakerPress\Module\Attachment->handle_download('https://picsum....')
#1 C:\Program Files (x86)\EasyPHP-Devserver-17\eds-www\TP2\wordpress\wp-includes\class-wp-hook.php(288): FakerPress\Module\Attachment->do_save(false, Array, Object(FakerPress\Module\Attachment))
#2 C:\Program Files (x86)\EasyPHP-Devserver-17\eds-www\TP2\wordpress\wp-includes\plugin.php(206): WP_Hook->apply_filters(false, Array)
#3 C:\Program Files (x86)\EasyPHP-Devserver-17\eds-www\TP2\wordpress\wp-content\plugins\fakerpress\modules\base.php(169): apply_filters('fakerpress.modu...', false, Array, Object(FakerPress\Module\Attachment))
#4 C:\Program Files (x86)\EasyPHP-Devserver-17\eds-www\TP2\wordpress\wp-content\plugins\f in C:\Program Files (x86)\EasyPHP-Devserver-17\eds-www\TP2\wordpress\wp-content\plugins\fakerpress\modules\attachment.php on line 69
[02-Mar-2020 14:50:02 UTC] PHP Fatal error:  Uncaught Error: Class 'FakerPress\Module\WP_Error' not found in C:\Program Files (x86)\EasyPHP-Devserver-17\eds-www\TP2\wordpress\wp-content\plugins\fakerpress\modules\attachment.php:69
Stack trace:
#0 C:\Program Files (x86)\EasyPHP-Devserver-17\eds-www\TP2\wordpress\wp-content\plugins\fakerpress\modules\attachment.php(116): FakerPress\Module\Attachment->handle_download('https://picsum....')
#1 C:\Program Files (x86)\EasyPHP-Devserver-17\eds-www\TP2\wordpress\wp-includes\class-wp-hook.php(288): FakerPress\Module\Attachment->do_save(false, Array, Object(FakerPress\Module\Attachment))
#2 C:\Program Files (x86)\EasyPHP-Devserver-17\eds-www\TP2\wordpress\wp-includes\plugin.php(206): WP_Hook->apply_filters(false, Array)
#3 C:\Program Files (x86)\EasyPHP-Devserver-17\eds-www\TP2\wordpress\wp-content\plugins\fakerpress\modules\base.php(169): apply_filters('fakerpress.modu...', false, Array, Object(FakerPress\Module\Attachment))
#4 C:\Program Files (x86)\EasyPHP-Devserver-17\eds-www\TP2\wordpress\wp-content\plugins\f in C:\Program Files (x86)\EasyPHP-Devserver-17\eds-www\TP2\wordpress\wp-content\plugins\fakerpress\modules\attachment.php on line 69
[09-Mar-2020 12:48:50 UTC] PHP Parse error:  syntax error, unexpected '<<' (T_SL) in C:\Program Files (x86)\EasyPHP-Devserver-17\eds-www\TP2\wordpress\wp-content\themes\twentynineteen-enfantFX\functions.php on line 5
[09-Mar-2020 12:52:48 UTC] PHP Parse error:  syntax error, unexpected '===' (T_IS_IDENTICAL), expecting end of file in C:\Program Files (x86)\EasyPHP-Devserver-17\eds-www\TP2\wordpress\wp-content\themes\twentynineteen-enfantFX\functions.php on line 7
[09-Mar-2020 12:53:12 UTC] PHP Parse error:  syntax error, unexpected '}', expecting end of file in C:\Program Files (x86)\EasyPHP-Devserver-17\eds-www\TP2\wordpress\wp-content\themes\twentynineteen-enfantFX\functions.php on line 7
[09-Mar-2020 13:01:00 UTC] PHP Fatal error:  Uncaught Error: Class 'FakerPress\Module\WP_Error' not found in C:\Program Files (x86)\EasyPHP-Devserver-17\eds-www\TP2\wordpress\wp-content\plugins\fakerpress\modules\attachment.php:69
Stack trace:
#0 C:\Program Files (x86)\EasyPHP-Devserver-17\eds-www\TP2\wordpress\wp-content\plugins\fakerpress\modules\attachment.php(116): FakerPress\Module\Attachment->handle_download('https://picsum....')
#1 C:\Program Files (x86)\EasyPHP-Devserver-17\eds-www\TP2\wordpress\wp-includes\class-wp-hook.php(288): FakerPress\Module\Attachment->do_save(false, Array, Object(FakerPress\Module\Attachment))
#2 C:\Program Files (x86)\EasyPHP-Devserver-17\eds-www\TP2\wordpress\wp-includes\plugin.php(206): WP_Hook->apply_filters(false, Array)
#3 C:\Program Files (x86)\EasyPHP-Devserver-17\eds-www\TP2\wordpress\wp-content\plugins\fakerpress\modules\base.php(169): apply_filters('fakerpress.modu...', false, Array, Object(FakerPress\Module\Attachment))
#4 C:\Program Files (x86)\EasyPHP-Devserver-17\eds-www\TP2\wordpress\wp-content\plugins\f in C:\Program Files (x86)\EasyPHP-Devserver-17\eds-www\TP2\wordpress\wp-content\plugins\fakerpress\modules\attachment.php on line 69
[09-Mar-2020 13:02:00 UTC] PHP Fatal error:  Uncaught Error: Class 'FakerPress\Module\WP_Error' not found in C:\Program Files (x86)\EasyPHP-Devserver-17\eds-www\TP2\wordpress\wp-content\plugins\fakerpress\modules\attachment.php:69
Stack trace:
#0 C:\Program Files (x86)\EasyPHP-Devserver-17\eds-www\TP2\wordpress\wp-content\plugins\fakerpress\modules\attachment.php(116): FakerPress\Module\Attachment->handle_download('https://picsum....')
#1 C:\Program Files (x86)\EasyPHP-Devserver-17\eds-www\TP2\wordpress\wp-includes\class-wp-hook.php(288): FakerPress\Module\Attachment->do_save(false, Array, Object(FakerPress\Module\Attachment))
#2 C:\Program Files (x86)\EasyPHP-Devserver-17\eds-www\TP2\wordpress\wp-includes\plugin.php(206): WP_Hook->apply_filters(false, Array)
#3 C:\Program Files (x86)\EasyPHP-Devserver-17\eds-www\TP2\wordpress\wp-content\plugins\fakerpress\modules\base.php(169): apply_filters('fakerpress.modu...', false, Array, Object(FakerPress\Module\Attachment))
#4 C:\Program Files (x86)\EasyPHP-Devserver-17\eds-www\TP2\wordpress\wp-content\plugins\f in C:\Program Files (x86)\EasyPHP-Devserver-17\eds-www\TP2\wordpress\wp-content\plugins\fakerpress\modules\attachment.php on line 69
[09-Mar-2020 13:04:15 UTC] PHP Fatal error:  Uncaught Error: Class 'FakerPress\Module\WP_Error' not found in C:\Program Files (x86)\EasyPHP-Devserver-17\eds-www\TP2\wordpress\wp-content\plugins\fakerpress\modules\attachment.php:69
Stack trace:
#0 C:\Program Files (x86)\EasyPHP-Devserver-17\eds-www\TP2\wordpress\wp-content\plugins\fakerpress\modules\attachment.php(116): FakerPress\Module\Attachment->handle_download('https://picsum....')
#1 C:\Program Files (x86)\EasyPHP-Devserver-17\eds-www\TP2\wordpress\wp-includes\class-wp-hook.php(288): FakerPress\Module\Attachment->do_save(false, Array, Object(FakerPress\Module\Attachment))
#2 C:\Program Files (x86)\EasyPHP-Devserver-17\eds-www\TP2\wordpress\wp-includes\plugin.php(206): WP_Hook->apply_filters(false, Array)
#3 C:\Program Files (x86)\EasyPHP-Devserver-17\eds-www\TP2\wordpress\wp-content\plugins\fakerpress\modules\base.php(169): apply_filters('fakerpress.modu...', false, Array, Object(FakerPress\Module\Attachment))
#4 C:\Program Files (x86)\EasyPHP-Devserver-17\eds-www\TP2\wordpress\wp-content\plugins\f in C:\Program Files (x86)\EasyPHP-Devserver-17\eds-www\TP2\wordpress\wp-content\plugins\fakerpress\modules\attachment.php on line 69
[09-Mar-2020 13:05:05 UTC] PHP Fatal error:  Uncaught Error: Class 'FakerPress\Module\WP_Error' not found in C:\Program Files (x86)\EasyPHP-Devserver-17\eds-www\TP2\wordpress\wp-content\plugins\fakerpress\modules\attachment.php:69
Stack trace:
#0 C:\Program Files (x86)\EasyPHP-Devserver-17\eds-www\TP2\wordpress\wp-content\plugins\fakerpress\modules\attachment.php(116): FakerPress\Module\Attachment->handle_download('https://picsum....')
#1 C:\Program Files (x86)\EasyPHP-Devserver-17\eds-www\TP2\wordpress\wp-includes\class-wp-hook.php(288): FakerPress\Module\Attachment->do_save(false, Array, Object(FakerPress\Module\Attachment))
#2 C:\Program Files (x86)\EasyPHP-Devserver-17\eds-www\TP2\wordpress\wp-includes\plugin.php(206): WP_Hook->apply_filters(false, Array)
#3 C:\Program Files (x86)\EasyPHP-Devserver-17\eds-www\TP2\wordpress\wp-content\plugins\fakerpress\modules\base.php(169): apply_filters('fakerpress.modu...', false, Array, Object(FakerPress\Module\Attachment))
#4 C:\Program Files (x86)\EasyPHP-Devserver-17\eds-www\TP2\wordpress\wp-content\plugins\f in C:\Program Files (x86)\EasyPHP-Devserver-17\eds-www\TP2\wordpress\wp-content\plugins\fakerpress\modules\attachment.php on line 69
[09-Mar-2020 13:05:47 UTC] PHP Fatal error:  Uncaught Error: Class 'FakerPress\Module\WP_Error' not found in C:\Program Files (x86)\EasyPHP-Devserver-17\eds-www\TP2\wordpress\wp-content\plugins\fakerpress\modules\attachment.php:69
Stack trace:
#0 C:\Program Files (x86)\EasyPHP-Devserver-17\eds-www\TP2\wordpress\wp-content\plugins\fakerpress\modules\attachment.php(116): FakerPress\Module\Attachment->handle_download('https://picsum....')
#1 C:\Program Files (x86)\EasyPHP-Devserver-17\eds-www\TP2\wordpress\wp-includes\class-wp-hook.php(288): FakerPress\Module\Attachment->do_save(false, Array, Object(FakerPress\Module\Attachment))
#2 C:\Program Files (x86)\EasyPHP-Devserver-17\eds-www\TP2\wordpress\wp-includes\plugin.php(206): WP_Hook->apply_filters(false, Array)
#3 C:\Program Files (x86)\EasyPHP-Devserver-17\eds-www\TP2\wordpress\wp-content\plugins\fakerpress\modules\base.php(169): apply_filters('fakerpress.modu...', false, Array, Object(FakerPress\Module\Attachment))
#4 C:\Program Files (x86)\EasyPHP-Devserver-17\eds-www\TP2\wordpress\wp-content\plugins\f in C:\Program Files (x86)\EasyPHP-Devserver-17\eds-www\TP2\wordpress\wp-content\plugins\fakerpress\modules\attachment.php on line 69
[09-Mar-2020 13:09:40 UTC] PHP Fatal error:  Uncaught Error: Class 'FakerPress\Module\WP_Error' not found in C:\Program Files (x86)\EasyPHP-Devserver-17\eds-www\TP2\wordpress\wp-content\plugins\fakerpress\modules\attachment.php:69
Stack trace:
#0 C:\Program Files (x86)\EasyPHP-Devserver-17\eds-www\TP2\wordpress\wp-content\plugins\fakerpress\modules\attachment.php(116): FakerPress\Module\Attachment->handle_download('https://picsum....')
#1 C:\Program Files (x86)\EasyPHP-Devserver-17\eds-www\TP2\wordpress\wp-includes\class-wp-hook.php(288): FakerPress\Module\Attachment->do_save(false, Array, Object(FakerPress\Module\Attachment))
#2 C:\Program Files (x86)\EasyPHP-Devserver-17\eds-www\TP2\wordpress\wp-includes\plugin.php(206): WP_Hook->apply_filters(false, Array)
#3 C:\Program Files (x86)\EasyPHP-Devserver-17\eds-www\TP2\wordpress\wp-content\plugins\fakerpress\modules\base.php(169): apply_filters('fakerpress.modu...', false, Array, Object(FakerPress\Module\Attachment))
#4 C:\Program Files (x86)\EasyPHP-Devserver-17\eds-www\TP2\wordpress\wp-content\plugins\f in C:\Program Files (x86)\EasyPHP-Devserver-17\eds-www\TP2\wordpress\wp-content\plugins\fakerpress\modules\attachment.php on line 69
[09-Mar-2020 13:12:53 UTC] PHP Fatal error:  Uncaught Error: Class 'FakerPress\Module\WP_Error' not found in C:\Program Files (x86)\EasyPHP-Devserver-17\eds-www\TP2\wordpress\wp-content\plugins\fakerpress\modules\attachment.php:69
Stack trace:
#0 C:\Program Files (x86)\EasyPHP-Devserver-17\eds-www\TP2\wordpress\wp-content\plugins\fakerpress\modules\attachment.php(116): FakerPress\Module\Attachment->handle_download('https://picsum....')
#1 C:\Program Files (x86)\EasyPHP-Devserver-17\eds-www\TP2\wordpress\wp-includes\class-wp-hook.php(288): FakerPress\Module\Attachment->do_save(false, Array, Object(FakerPress\Module\Attachment))
#2 C:\Program Files (x86)\EasyPHP-Devserver-17\eds-www\TP2\wordpress\wp-includes\plugin.php(206): WP_Hook->apply_filters(false, Array)
#3 C:\Program Files (x86)\EasyPHP-Devserver-17\eds-www\TP2\wordpress\wp-content\plugins\fakerpress\modules\base.php(169): apply_filters('fakerpress.modu...', false, Array, Object(FakerPress\Module\Attachment))
#4 C:\Program Files (x86)\EasyPHP-Devserver-17\eds-www\TP2\wordpress\wp-content\plugins\f in C:\Program Files (x86)\EasyPHP-Devserver-17\eds-www\TP2\wordpress\wp-content\plugins\fakerpress\modules\attachment.php on line 69
[09-Mar-2020 13:18:51 UTC] PHP Fatal error:  Uncaught Error: Class 'FakerPress\Module\WP_Error' not found in C:\Program Files (x86)\EasyPHP-Devserver-17\eds-www\TP2\wordpress\wp-content\plugins\fakerpress\modules\attachment.php:69
Stack trace:
#0 C:\Program Files (x86)\EasyPHP-Devserver-17\eds-www\TP2\wordpress\wp-content\plugins\fakerpress\modules\attachment.php(116): FakerPress\Module\Attachment->handle_download('https://picsum....')
#1 C:\Program Files (x86)\EasyPHP-Devserver-17\eds-www\TP2\wordpress\wp-includes\class-wp-hook.php(288): FakerPress\Module\Attachment->do_save(false, Array, Object(FakerPress\Module\Attachment))
#2 C:\Program Files (x86)\EasyPHP-Devserver-17\eds-www\TP2\wordpress\wp-includes\plugin.php(206): WP_Hook->apply_filters(false, Array)
#3 C:\Program Files (x86)\EasyPHP-Devserver-17\eds-www\TP2\wordpress\wp-content\plugins\fakerpress\modules\base.php(169): apply_filters('fakerpress.modu...', false, Array, Object(FakerPress\Module\Attachment))
#4 C:\Program Files (x86)\EasyPHP-Devserver-17\eds-www\TP2\wordpress\wp-content\plugins\f in C:\Program Files (x86)\EasyPHP-Devserver-17\eds-www\TP2\wordpress\wp-content\plugins\fakerpress\modules\attachment.php on line 69
[09-Mar-2020 13:26:46 UTC] PHP Fatal error:  Maximum execution time of 30 seconds exceeded in C:\Program Files (x86)\EasyPHP-Devserver-17\eds-www\TP2\wordpress\wp-includes\Requests\Transport\fsockopen.php on line 381
[09-Mar-2020 12:46:13 UTC] PHP Parse error:  syntax error, unexpected 'get_template_part' (T_STRING) in C:\Program Files (x86)\EasyPHP-Devserver-17\eds-www\TP2\wordpress\wp-content\themes\twentynineteen-enfantFX\category-atelier.php on line 30
[09-Mar-2020 12:46:27 UTC] PHP Parse error:  syntax error, unexpected 'get_template_part' (T_STRING) in C:\Program Files (x86)\EasyPHP-Devserver-17\eds-www\TP2\wordpress\wp-content\themes\twentynineteen-enfantFX\category-atelier.php on line 30
[09-Mar-2020 12:47:06 UTC] PHP Parse error:  syntax error, unexpected 'get_template_part' (T_STRING) in C:\Program Files (x86)\EasyPHP-Devserver-17\eds-www\TP2\wordpress\wp-content\themes\twentynineteen-enfantFX\category-atelier.php on line 30
[09-Mar-2020 12:49:19 UTC] PHP Parse error:  syntax error, unexpected end of file, expecting ',' or ';' in C:\Program Files (x86)\EasyPHP-Devserver-17\eds-www\TP2\wordpress\wp-content\themes\twentynineteen-enfantFX\partials\content\-atelier-card.php on line 18
